Arguments: 
  C:\Program Files\nodejs\node.exe C:\Users\bruny\AppData\Roaming\npm\node_modules\yarn\bin\yarn.js add @aws-sdk/tpyes

PATH: 
  C:\Users\bruny\bin;C:\Program Files\Git\mingw64\bin;C:\Program Files\Git\usr\local\bin;C:\Program Files\Git\usr\bin;C:\Program Files\Git\usr\bin;C:\Program Files\Git\mingw64\bin;C:\Program Files\Git\usr\bin;C:\Users\bruny\bin;C:\Program Files (x86)\Common Files\Oracle\Java\javapath;C:\Windows\system32;C:\Windows;C:\Windows\System32\Wbem;C:\Windows\System32\WindowsPowerShell\v1.0;C:\Windows\System32\OpenSSH;C:\Program Files\PuTTY;C:\Program Files\NVIDIA Corporation\NVIDIA NvDLISR;C:\Program Files (x86)\NVIDIA Corporation\PhysX\Common;C:\HashiCorp\Vagrant\bin;C:\Program Files\Java\jre1.8.0_291\bin;C:\Program Files\Amazon\AWSCLIV2;C:\Users\bruny\.bin;C:\Strawberry\c\bin;C:\Strawberry\perl\site\bin;C:\Strawberry\perl\bin;C:\Program Files\dotnet;C:\Program Files\nodejs;C:\Program Files\Git\cmd;C:\Python27;C:\Users\bruny\AppData\Local\Programs\Python\Python39\Scripts;C:\Users\bruny\AppData\Local\Programs\Python\Python39;C:\Users\bruny\AppData\Local\Microsoft\WindowsApps;C:\Users\bruny\AppData\Local\Programs\Microsoft VS Code\bin;C:\Users\bruny\.dotnet\tools;C:\Program Files (x86)\GitHub CLI;C:\Users\bruny\AppData\Roaming\npm;C:\Program Files\Git\usr\bin\vendor_perl;C:\Program Files\Git\usr\bin\core_perl

Yarn version: 
  1.22.18

Node version: 
  16.13.2

Platform: 
  win32 x64

Trace: 
  Error: https://registry.yarnpkg.com/@aws-sdk%2ftpyes: Not found
      at Request.params.callback [as _callback] (C:\Users\bruny\AppData\Roaming\npm\node_modules\yarn\lib\cli.js:66138:18)
      at Request.self.callback (C:\Users\bruny\AppData\Roaming\npm\node_modules\yarn\lib\cli.js:140883:22)
      at Request.emit (node:events:390:28)
      at Request.<anonymous> (C:\Users\bruny\AppData\Roaming\npm\node_modules\yarn\lib\cli.js:141855:10)
      at Request.emit (node:events:390:28)
      at IncomingMessage.<anonymous> (C:\Users\bruny\AppData\Roaming\npm\node_modules\yarn\lib\cli.js:141777:12)
      at Object.onceWrapper (node:events:509:28)
      at IncomingMessage.emit (node:events:402:35)
      at endReadableNT (node:internal/streams/readable:1343:12)
      at processTicksAndRejections (node:internal/process/task_queues:83:21)

npm manifest: 
  {
    "name": "movieMatchLambdaFunction",
    "version": "2.0.0",
    "description": "Lambda function generated by Amplify",
    "main": "index.js",
    "license": "Apache-2.0",
    "devDependencies": {
      "@types/aws-lambda": "^8.10.92"
    }
  }

yarn manifest: 
  No manifest

Lockfile: 
  No lockfile
